0 info it worked if it ends with ok
1 verbose cli [ 'node', '/usr/local/bin/npm', '-g', 'install', 'phantomjs' ]
2 info using npm@1.4.28
3 info using node@v0.10.36
4 verbose cache add [ 'phantomjs', null ]
5 verbose cache add name=undefined spec="phantomjs" args=["phantomjs",null]
6 verbose parsed url { protocol: null,
6 verbose parsed url   slashes: null,
6 verbose parsed url   auth: null,
6 verbose parsed url   host: null,
6 verbose parsed url   port: null,
6 verbose parsed url   hostname: null,
6 verbose parsed url   hash: null,
6 verbose parsed url   search: null,
6 verbose parsed url   query: null,
6 verbose parsed url   pathname: 'phantomjs',
6 verbose parsed url   path: 'phantomjs',
6 verbose parsed url   href: 'phantomjs' }
7 silly lockFile 30d7cd7d-phantomjs phantomjs
8 verbose lock phantomjs /Users/anthonyfadero/.npm/30d7cd7d-phantomjs.lock
9 silly lockFile 30d7cd7d-phantomjs phantomjs
10 silly lockFile 30d7cd7d-phantomjs phantomjs
11 verbose addNamed [ 'phantomjs', '' ]
12 verbose addNamed [ null, '*' ]
13 silly lockFile 29cf7fd6-phantomjs phantomjs@
14 verbose lock phantomjs@ /Users/anthonyfadero/.npm/29cf7fd6-phantomjs.lock
15 silly addNameRange { name: 'phantomjs', range: '*', hasData: false }
16 verbose request where is /phantomjs
17 verbose request registry https://registry.npmjs.org/
18 verbose request id 3f47b079e1cd7c82
19 verbose url raw /phantomjs
20 verbose url resolving [ 'https://registry.npmjs.org/', './phantomjs' ]
21 verbose url resolved https://registry.npmjs.org/phantomjs
22 verbose request where is https://registry.npmjs.org/phantomjs
23 info trying registry request attempt 1 at 21:45:14
24 http GET https://registry.npmjs.org/phantomjs
25 http 200 https://registry.npmjs.org/phantomjs
26 silly registry.get cb [ 200,
26 silly registry.get   { date: 'Tue, 03 Feb 2015 02:45:15 GMT',
26 silly registry.get     server: 'CouchDB/1.5.0 (Erlang OTP/R16B03)',
26 silly registry.get     etag: '"8E5R1133AI92AXWV4KAQ21BIJ"',
26 silly registry.get     'content-type': 'application/json',
26 silly registry.get     'cache-control': 'max-age=60',
26 silly registry.get     'content-length': '93169',
26 silly registry.get     'accept-ranges': 'bytes',
26 silly registry.get     via: '1.1 varnish',
26 silly registry.get     age: '19',
26 silly registry.get     'x-served-by': 'cache-ord1731-ORD',
26 silly registry.get     'x-cache': 'HIT',
26 silly registry.get     'x-cache-hits': '1',
26 silly registry.get     'x-timer': 'S1422931515.036174,VS0,VE0',
26 silly registry.get     vary: 'Accept',
26 silly registry.get     'keep-alive': 'timeout=10, max=50',
26 silly registry.get     connection: 'Keep-Alive' } ]
27 silly addNameRange number 2 { name: 'phantomjs', range: '*', hasData: true }
28 silly addNameRange versions [ 'phantomjs',
28 silly addNameRange   [ '0.0.1',
28 silly addNameRange     '0.0.2',
28 silly addNameRange     '0.0.3',
28 silly addNameRange     '0.0.4',
28 silly addNameRange     '0.0.5',
28 silly addNameRange     '0.0.6',
28 silly addNameRange     '0.0.7',
28 silly addNameRange     '0.0.8',
28 silly addNameRange     '0.0.9',
28 silly addNameRange     '0.1.0',
28 silly addNameRange     '0.1.1',
28 silly addNameRange     '0.2.0',
28 silly addNameRange     '0.2.1',
28 silly addNameRange     '0.2.2',
28 silly addNameRange     '0.2.3',
28 silly addNameRange     '0.2.4',
28 silly addNameRange     '0.2.5',
28 silly addNameRange     '0.2.6',
28 silly addNameRange     '1.8.0-1',
28 silly addNameRange     '1.8.1-1',
28 silly addNameRange     '1.8.1-2',
28 silly addNameRange     '1.8.1-3',
28 silly addNameRange     '1.8.2-0',
28 silly addNameRange     '1.8.2-1',
28 silly addNameRange     '1.8.2-2',
28 silly addNameRange     '1.9.0-0',
28 silly addNameRange     '1.9.0-1',
28 silly addNameRange     '1.9.0-2',
28 silly addNameRange     '1.9.0-3',
28 silly addNameRange     '1.9.0-4',
28 silly addNameRange     '1.9.0-5',
28 silly addNameRange     '1.9.0-6',
28 silly addNameRange     '1.9.1-0',
28 silly addNameRange     '1.9.1-2',
28 silly addNameRange     '1.9.1-3',
28 silly addNameRange     '1.9.1-4',
28 silly addNameRange     '1.9.1-5',
28 silly addNameRange     '1.9.1-6',
28 silly addNameRange     '1.9.1-7',
28 silly addNameRange     '1.9.1-8',
28 silly addNameRange     '1.9.1-9',
28 silly addNameRange     '1.9.2-0',
28 silly addNameRange     '1.9.2-1',
28 silly addNameRange     '1.9.2-2',
28 silly addNameRange     '1.9.2-3',
28 silly addNameRange     '1.9.2-4',
28 silly addNameRange     '1.9.2-5',
28 silly addNameRange     '1.9.2-6',
28 silly addNameRange     '1.9.6-0',
28 silly addNameRange     '1.9.7-1',
28 silly addNameRange     '1.9.7-3',
28 silly addNameRange     '1.9.7-4',
28 silly addNameRange     '1.9.7-5',
28 silly addNameRange     '1.9.7-6',
28 silly addNameRange     '1.9.7-7',
28 silly addNameRange     '1.9.7-8',
28 silly addNameRange     '1.9.7-9',
28 silly addNameRange     '1.9.7-10',
28 silly addNameRange     '1.9.7-11',
28 silly addNameRange     '1.9.7-12',
28 silly addNameRange     '1.9.7-13',
28 silly addNameRange     '1.9.7-14',
28 silly addNameRange     '1.9.7-15',
28 silly addNameRange     '1.8.2-3',
28 silly addNameRange     '1.9.8',
28 silly addNameRange     '1.9.9',
28 silly addNameRange     '1.9.10',
28 silly addNameRange     '1.9.11',
28 silly addNameRange     '1.9.12',
28 silly addNameRange     '1.9.13',
28 silly addNameRange     '1.9.15' ] ]
29 verbose addNamed [ 'phantomjs', '1.9.15' ]
30 verbose addNamed [ '1.9.15', '1.9.15' ]
31 silly lockFile c14a4246-phantomjs-1-9-15 phantomjs@1.9.15
32 verbose lock phantomjs@1.9.15 /Users/anthonyfadero/.npm/c14a4246-phantomjs-1-9-15.lock
33 silly lockFile a21f477f-g-phantomjs-phantomjs-1-9-15-tgz https://registry.npmjs.org/phantomjs/-/phantomjs-1.9.15.tgz
34 verbose lock https://registry.npmjs.org/phantomjs/-/phantomjs-1.9.15.tgz /Users/anthonyfadero/.npm/a21f477f-g-phantomjs-phantomjs-1-9-15-tgz.lock
35 verbose addRemoteTarball [ 'https://registry.npmjs.org/phantomjs/-/phantomjs-1.9.15.tgz',
35 verbose addRemoteTarball   '10032c8b36bd3541ecef953e764d5d177c33f72f' ]
36 info retry fetch attempt 1 at 21:45:15
37 verbose fetch to= /var/folders/gy/4tyyrftd5b7fth5fnq7j4dpc0000gn/T/npm-1039-DHkQ9QuR/registry.npmjs.org/phantomjs/-/phantomjs-1.9.15.tgz
38 http GET https://registry.npmjs.org/phantomjs/-/phantomjs-1.9.15.tgz
39 http 200 https://registry.npmjs.org/phantomjs/-/phantomjs-1.9.15.tgz
40 silly lockFile a21f477f-g-phantomjs-phantomjs-1-9-15-tgz https://registry.npmjs.org/phantomjs/-/phantomjs-1.9.15.tgz
41 silly lockFile a21f477f-g-phantomjs-phantomjs-1-9-15-tgz https://registry.npmjs.org/phantomjs/-/phantomjs-1.9.15.tgz
42 silly lockFile c14a4246-phantomjs-1-9-15 phantomjs@1.9.15
43 silly lockFile c14a4246-phantomjs-1-9-15 phantomjs@1.9.15
44 silly lockFile 29cf7fd6-phantomjs phantomjs@
45 silly lockFile 29cf7fd6-phantomjs phantomjs@
46 silly resolved [ { name: 'phantomjs',
46 silly resolved     version: '1.9.15',
46 silly resolved     keywords: [ 'phantomjs', 'headless', 'webkit' ],
46 silly resolved     description: 'Headless WebKit with JS API',
46 silly resolved     homepage: 'https://github.com/Medium/phantomjs',
46 silly resolved     repository: { type: 'git', url: 'git://github.com/Medium/phantomjs.git' },
46 silly resolved     licenses: [ [Object] ],
46 silly resolved     author:
46 silly resolved      { name: 'Dan Pupius',
46 silly resolved        email: 'dan@obvious.com',
46 silly resolved        url: 'http://pupius.co.uk' },
46 silly resolved     maintainers: [ [Object], [Object], [Object] ],
46 silly resolved     main: 'lib/phantomjs',
46 silly resolved     bin: { phantomjs: './bin/phantomjs' },
46 silly resolved     scripts:
46 silly resolved      { install: 'node install.js',
46 silly resolved        test: 'nodeunit --reporter=minimal test/tests.js' },
46 silly resolved     dependencies:
46 silly resolved      { 'adm-zip': '0.4.4',
46 silly resolved        'fs-extra': '~0.16.0',
46 silly resolved        kew: '0.4.0',
46 silly resolved        npmconf: '2.0.9',
46 silly resolved        progress: '1.1.8',
46 silly resolved        request: '2.42.0',
46 silly resolved        'request-progress': '0.3.1',
46 silly resolved        which: '~1.0.5' },
46 silly resolved     devDependencies: { nodeunit: '0.9.0' },
46 silly resolved     gitHead: '1bc7553b2063b2e1efb3dce1c7a44802fcd76ff9',
46 silly resolved     bugs: { url: 'https://github.com/Medium/phantomjs/issues' },
46 silly resolved     _id: 'phantomjs@1.9.15',
46 silly resolved     _shasum: '10032c8b36bd3541ecef953e764d5d177c33f72f',
46 silly resolved     _from: 'phantomjs@',
46 silly resolved     _npmVersion: '1.4.28',
46 silly resolved     _npmUser: { name: 'nicks', email: 'nicholas.j.santos@gmail.com' },
46 silly resolved     dist:
46 silly resolved      { shasum: '10032c8b36bd3541ecef953e764d5d177c33f72f',
46 silly resolved        tarball: 'http://registry.npmjs.org/phantomjs/-/phantomjs-1.9.15.tgz' },
46 silly resolved     directories: {},
46 silly resolved     _resolved: 'https://registry.npmjs.org/phantomjs/-/phantomjs-1.9.15.tgz' } ]
47 info install phantomjs@1.9.15 into /usr/local/lib
48 info installOne phantomjs@1.9.15
49 verbose lib/node_modules/phantomjs unbuild
50 verbose tar unpack /Users/anthonyfadero/.npm/phantomjs/1.9.15/package.tgz
51 silly lockFile 4d5acaea-local-lib-node-modules-phantomjs tar:///usr/local/lib/node_modules/phantomjs
52 verbose lock tar:///usr/local/lib/node_modules/phantomjs /Users/anthonyfadero/.npm/4d5acaea-local-lib-node-modules-phantomjs.lock
53 silly lockFile 02ba5b8f-npm-phantomjs-1-9-15-package-tgz tar:///Users/anthonyfadero/.npm/phantomjs/1.9.15/package.tgz
54 verbose lock tar:///Users/anthonyfadero/.npm/phantomjs/1.9.15/package.tgz /Users/anthonyfadero/.npm/02ba5b8f-npm-phantomjs-1-9-15-package-tgz.lock
55 silly gunzTarPerm modes [ '755', '644' ]
56 error Error: EACCES, mkdir '/usr/local/lib/node_modules/phantomjs'
56 error  { [Error: EACCES, mkdir '/usr/local/lib/node_modules/phantomjs']
56 error   errno: 3,
56 error   code: 'EACCES',
56 error   path: '/usr/local/lib/node_modules/phantomjs',
56 error   fstream_type: 'Directory',
56 error   fstream_path: '/usr/local/lib/node_modules/phantomjs',
56 error   fstream_class: 'DirWriter',
56 error   fstream_stack:
56 error    [ '/usr/local/lib/node_modules/npm/node_modules/fstream/lib/dir-writer.js:36:23',
56 error      '/usr/local/lib/node_modules/npm/node_modules/mkdirp/index.js:46:53',
56 error      'Object.oncomplete (fs.js:108:15)' ] }
57 error Please try running this command again as root/Administrator.
58 error System Darwin 14.1.0
59 error command "node" "/usr/local/bin/npm" "-g" "install" "phantomjs"
60 error cwd /Users/anthonyfadero/Blogarama
61 error node -v v0.10.36
62 error npm -v 1.4.28
63 error path /usr/local/lib/node_modules/phantomjs
64 error fstream_path /usr/local/lib/node_modules/phantomjs
65 error fstream_type Directory
66 error fstream_class DirWriter
67 error code EACCES
68 error errno 3
69 error stack Error: EACCES, mkdir '/usr/local/lib/node_modules/phantomjs'
70 error fstream_stack /usr/local/lib/node_modules/npm/node_modules/fstream/lib/dir-writer.js:36:23
70 error fstream_stack /usr/local/lib/node_modules/npm/node_modules/mkdirp/index.js:46:53
70 error fstream_stack Object.oncomplete (fs.js:108:15)
71 verbose exit [ 3, true ]
